CRITICAL - 2024-02-09 01:36:50 --> ErrorException: Undefined variable $unpaid
in APPPATH\Views\front\home.php on line 63.
 1 APPPATH\Views\front\home.php(63): CodeIgniter\Debug\Exceptions->errorHandler(2, 'Undefined variable $unpaid', 'D:\\udemy\\udemy-clone\\ci4\\app\\Views\\front\\home.php', 63)
 2 SYSTEMPATH\View\View.php(228): include('D:\\udemy\\udemy-clone\\ci4\\app\\Views\\front\\home.php')
 3 SYSTEMPATH\View\View.php(231): CodeIgniter\View\View->CodeIgniter\View\{closure}()
 4 SYSTEMPATH\Common.php(1178): CodeIgniter\View\View->render('front/home', [], true)
 5 APPPATH\Controllers\Home.php(24): view('front/home', [...])
 6 SYSTEMPATH\CodeIgniter.php(941): App\Controllers\Home->browse()
 7 SYSTEMPATH\CodeIgniter.php(502): CodeIgniter\CodeIgniter->runController(Object(App\Controllers\Home))
 8 SYSTEMPATH\CodeIgniter.php(361): CodeIgniter\CodeIgniter->handleRequest(null, Object(Config\Cache), false)
 9 FCPATH\index.php(79): CodeIgniter\CodeIgniter->run()
10 SYSTEMPATH\Commands\Server\rewrite.php(47): require_once('D:\\udemy\\udemy-clone\\ci4\\public\\index.php')
CRITICAL - 2024-02-09 01:36:56 --> ErrorException: Undefined variable $unpaid
in APPPATH\Views\front\home.php on line 63.
 1 APPPATH\Views\front\home.php(63): CodeIgniter\Debug\Exceptions->errorHandler(2, 'Undefined variable $unpaid', 'D:\\udemy\\udemy-clone\\ci4\\app\\Views\\front\\home.php', 63)
 2 SYSTEMPATH\View\View.php(228): include('D:\\udemy\\udemy-clone\\ci4\\app\\Views\\front\\home.php')
 3 SYSTEMPATH\View\View.php(231): CodeIgniter\View\View->CodeIgniter\View\{closure}()
 4 SYSTEMPATH\Common.php(1178): CodeIgniter\View\View->render('front/home', [], true)
 5 APPPATH\Controllers\Home.php(24): view('front/home', [...])
 6 SYSTEMPATH\CodeIgniter.php(941): App\Controllers\Home->browse()
 7 SYSTEMPATH\CodeIgniter.php(502): CodeIgniter\CodeIgniter->runController(Object(App\Controllers\Home))
 8 SYSTEMPATH\CodeIgniter.php(361): CodeIgniter\CodeIgniter->handleRequest(null, Object(Config\Cache), false)
 9 FCPATH\index.php(79): CodeIgniter\CodeIgniter->run()
10 SYSTEMPATH\Commands\Server\rewrite.php(47): require_once('D:\\udemy\\udemy-clone\\ci4\\public\\index.php')
CRITICAL - 2024-02-09 01:37:37 --> ErrorException: Undefined variable $unpaid
in APPPATH\Views\front\home.php on line 63.
 1 APPPATH\Views\front\home.php(63): CodeIgniter\Debug\Exceptions->errorHandler(2, 'Undefined variable $unpaid', 'D:\\udemy\\udemy-clone\\ci4\\app\\Views\\front\\home.php', 63)
 2 SYSTEMPATH\View\View.php(228): include('D:\\udemy\\udemy-clone\\ci4\\app\\Views\\front\\home.php')
 3 SYSTEMPATH\View\View.php(231): CodeIgniter\View\View->CodeIgniter\View\{closure}()
 4 SYSTEMPATH\Common.php(1178): CodeIgniter\View\View->render('front/home', [], true)
 5 APPPATH\Controllers\Home.php(24): view('front/home', [...])
 6 SYSTEMPATH\CodeIgniter.php(941): App\Controllers\Home->browse()
 7 SYSTEMPATH\CodeIgniter.php(502): CodeIgniter\CodeIgniter->runController(Object(App\Controllers\Home))
 8 SYSTEMPATH\CodeIgniter.php(361): CodeIgniter\CodeIgniter->handleRequest(null, Object(Config\Cache), false)
 9 FCPATH\index.php(79): CodeIgniter\CodeIgniter->run()
10 SYSTEMPATH\Commands\Server\rewrite.php(47): require_once('D:\\udemy\\udemy-clone\\ci4\\public\\index.php')
CRITICAL - 2024-02-09 01:37:57 --> ErrorException: Undefined variable $unpaid
in APPPATH\Views\front\home.php on line 63.
 1 APPPATH\Views\front\home.php(63): CodeIgniter\Debug\Exceptions->errorHandler(2, 'Undefined variable $unpaid', 'D:\\udemy\\udemy-clone\\ci4\\app\\Views\\front\\home.php', 63)
 2 SYSTEMPATH\View\View.php(228): include('D:\\udemy\\udemy-clone\\ci4\\app\\Views\\front\\home.php')
 3 SYSTEMPATH\View\View.php(231): CodeIgniter\View\View->CodeIgniter\View\{closure}()
 4 SYSTEMPATH\Common.php(1178): CodeIgniter\View\View->render('front/home', [], true)
 5 APPPATH\Controllers\Home.php(24): view('front/home', [...])
 6 SYSTEMPATH\CodeIgniter.php(941): App\Controllers\Home->browse()
 7 SYSTEMPATH\CodeIgniter.php(502): CodeIgniter\CodeIgniter->runController(Object(App\Controllers\Home))
 8 SYSTEMPATH\CodeIgniter.php(361): CodeIgniter\CodeIgniter->handleRequest(null, Object(Config\Cache), false)
 9 FCPATH\index.php(79): CodeIgniter\CodeIgniter->run()
10 SYSTEMPATH\Commands\Server\rewrite.php(47): require_once('D:\\udemy\\udemy-clone\\ci4\\public\\index.php')
CRITICAL - 2024-02-09 01:52:11 --> ErrorException: Undefined variable $isLoggedIn
in APPPATH\Views\front\home.php on line 59.
 1 APPPATH\Views\front\home.php(59): CodeIgniter\Debug\Exceptions->errorHandler(2, 'Undefined variable $isLoggedIn', 'D:\\udemy\\udemy-clone\\ci4\\app\\Views\\front\\home.php', 59)
 2 SYSTEMPATH\View\View.php(228): include('D:\\udemy\\udemy-clone\\ci4\\app\\Views\\front\\home.php')
 3 SYSTEMPATH\View\View.php(231): CodeIgniter\View\View->CodeIgniter\View\{closure}()
 4 SYSTEMPATH\Common.php(1178): CodeIgniter\View\View->render('front/home', [], true)
 5 APPPATH\Controllers\Home.php(24): view('front/home', [...])
 6 SYSTEMPATH\CodeIgniter.php(941): App\Controllers\Home->browse()
 7 SYSTEMPATH\CodeIgniter.php(502): CodeIgniter\CodeIgniter->runController(Object(App\Controllers\Home))
 8 SYSTEMPATH\CodeIgniter.php(361): CodeIgniter\CodeIgniter->handleRequest(null, Object(Config\Cache), false)
 9 FCPATH\index.php(79): CodeIgniter\CodeIgniter->run()
10 SYSTEMPATH\Commands\Server\rewrite.php(47): require_once('D:\\udemy\\udemy-clone\\ci4\\public\\index.php')
CRITICAL - 2024-02-09 01:52:49 --> ErrorException: Undefined variable $paid
in APPPATH\Views\front\home.php on line 59.
 1 APPPATH\Views\front\home.php(59): CodeIgniter\Debug\Exceptions->errorHandler(2, 'Undefined variable $paid', 'D:\\udemy\\udemy-clone\\ci4\\app\\Views\\front\\home.php', 59)
 2 SYSTEMPATH\View\View.php(228): include('D:\\udemy\\udemy-clone\\ci4\\app\\Views\\front\\home.php')
 3 SYSTEMPATH\View\View.php(231): CodeIgniter\View\View->CodeIgniter\View\{closure}()
 4 SYSTEMPATH\Common.php(1178): CodeIgniter\View\View->render('front/home', [], true)
 5 APPPATH\Controllers\Home.php(24): view('front/home', [...])
 6 SYSTEMPATH\CodeIgniter.php(941): App\Controllers\Home->browse()
 7 SYSTEMPATH\CodeIgniter.php(502): CodeIgniter\CodeIgniter->runController(Object(App\Controllers\Home))
 8 SYSTEMPATH\CodeIgniter.php(361): CodeIgniter\CodeIgniter->handleRequest(null, Object(Config\Cache), false)
 9 FCPATH\index.php(79): CodeIgniter\CodeIgniter->run()
10 SYSTEMPATH\Commands\Server\rewrite.php(47): require_once('D:\\udemy\\udemy-clone\\ci4\\public\\index.php')
CRITICAL - 2024-02-09 02:06:01 --> ErrorException: Undefined variable $unpaid
in APPPATH\Controllers\Home.php on line 23.
 1 APPPATH\Controllers\Home.php(23): CodeIgniter\Debug\Exceptions->errorHandler(2, 'Undefined variable $unpaid', 'D:\\udemy\\udemy-clone\\ci4\\app\\Controllers\\Home.php', 23)
 2 SYSTEMPATH\CodeIgniter.php(941): App\Controllers\Home->browse()
 3 SYSTEMPATH\CodeIgniter.php(502): CodeIgniter\CodeIgniter->runController(Object(App\Controllers\Home))
 4 SYSTEMPATH\CodeIgniter.php(361): CodeIgniter\CodeIgniter->handleRequest(null, Object(Config\Cache), false)
 5 FCPATH\index.php(79): CodeIgniter\CodeIgniter->run()
 6 SYSTEMPATH\Commands\Server\rewrite.php(47): require_once('D:\\udemy\\udemy-clone\\ci4\\public\\index.php')
CRITICAL - 2024-02-09 02:10:46 --> ErrorException: Undefined array key "status"
in APPPATH\Views\front\home.php on line 58.
 1 APPPATH\Views\front\home.php(58): CodeIgniter\Debug\Exceptions->errorHandler(2, 'Undefined array key "status"', 'D:\\udemy\\udemy-clone\\ci4\\app\\Views\\front\\home.php', 58)
 2 SYSTEMPATH\View\View.php(228): include('D:\\udemy\\udemy-clone\\ci4\\app\\Views\\front\\home.php')
 3 SYSTEMPATH\View\View.php(231): CodeIgniter\View\View->CodeIgniter\View\{closure}()
 4 SYSTEMPATH\Common.php(1178): CodeIgniter\View\View->render('front/home', [], true)
 5 APPPATH\Controllers\Home.php(24): view('front/home', [...])
 6 SYSTEMPATH\CodeIgniter.php(941): App\Controllers\Home->browse()
 7 SYSTEMPATH\CodeIgniter.php(502): CodeIgniter\CodeIgniter->runController(Object(App\Controllers\Home))
 8 SYSTEMPATH\CodeIgniter.php(361): CodeIgniter\CodeIgniter->handleRequest(null, Object(Config\Cache), false)
 9 FCPATH\index.php(79): CodeIgniter\CodeIgniter->run()
10 SYSTEMPATH\Commands\Server\rewrite.php(47): require_once('D:\\udemy\\udemy-clone\\ci4\\public\\index.php')
CRITICAL - 2024-02-09 02:32:34 --> ErrorException: Undefined variable $paid
in APPPATH\Controllers\Home.php on line 20.
 1 APPPATH\Controllers\Home.php(20): CodeIgniter\Debug\Exceptions->errorHandler(2, 'Undefined variable $paid', 'D:\\udemy\\udemy-clone\\ci4\\app\\Controllers\\Home.php', 20)
 2 SYSTEMPATH\CodeIgniter.php(941): App\Controllers\Home->browse()
 3 SYSTEMPATH\CodeIgniter.php(502): CodeIgniter\CodeIgniter->runController(Object(App\Controllers\Home))
 4 SYSTEMPATH\CodeIgniter.php(361): CodeIgniter\CodeIgniter->handleRequest(null, Object(Config\Cache), false)
 5 FCPATH\index.php(79): CodeIgniter\CodeIgniter->run()
 6 SYSTEMPATH\Commands\Server\rewrite.php(47): require_once('D:\\udemy\\udemy-clone\\ci4\\public\\index.php')
CRITICAL - 2024-02-09 02:32:59 --> ErrorException: Undefined array key "name"
in APPPATH\Controllers\Home.php on line 24.
 1 APPPATH\Controllers\Home.php(24): CodeIgniter\Debug\Exceptions->errorHandler(2, 'Undefined array key "name"', 'D:\\udemy\\udemy-clone\\ci4\\app\\Controllers\\Home.php', 24)
 2 SYSTEMPATH\CodeIgniter.php(941): App\Controllers\Home->browse()
 3 SYSTEMPATH\CodeIgniter.php(502): CodeIgniter\CodeIgniter->runController(Object(App\Controllers\Home))
 4 SYSTEMPATH\CodeIgniter.php(361): CodeIgniter\CodeIgniter->handleRequest(null, Object(Config\Cache), false)
 5 FCPATH\index.php(79): CodeIgniter\CodeIgniter->run()
 6 SYSTEMPATH\Commands\Server\rewrite.php(47): require_once('D:\\udemy\\udemy-clone\\ci4\\public\\index.php')
CRITICAL - 2024-02-09 13:20:43 --> ErrorException: Undefined variable $name
in APPPATH\Controllers\Home.php on line 24.
 1 APPPATH\Controllers\Home.php(24): CodeIgniter\Debug\Exceptions->errorHandler(2, 'Undefined variable $name', 'D:\\udemy\\udemy-clone\\ci4\\app\\Controllers\\Home.php', 24)
 2 SYSTEMPATH\CodeIgniter.php(941): App\Controllers\Home->browse()
 3 SYSTEMPATH\CodeIgniter.php(502): CodeIgniter\CodeIgniter->runController(Object(App\Controllers\Home))
 4 SYSTEMPATH\CodeIgniter.php(361): CodeIgniter\CodeIgniter->handleRequest(null, Object(Config\Cache), false)
 5 FCPATH\index.php(79): CodeIgniter\CodeIgniter->run()
 6 SYSTEMPATH\Commands\Server\rewrite.php(47): require_once('D:\\udemy\\udemy-clone\\ci4\\public\\index.php')
CRITICAL - 2024-02-09 13:22:48 --> ErrorException: Undefined array key "id"
in APPPATH\Views\front\home.php on line 58.
 1 APPPATH\Views\front\home.php(58): CodeIgniter\Debug\Exceptions->errorHandler(2, 'Undefined array key "id"', 'D:\\udemy\\udemy-clone\\ci4\\app\\Views\\front\\home.php', 58)
 2 SYSTEMPATH\View\View.php(228): include('D:\\udemy\\udemy-clone\\ci4\\app\\Views\\front\\home.php')
 3 SYSTEMPATH\View\View.php(231): CodeIgniter\View\View->CodeIgniter\View\{closure}()
 4 SYSTEMPATH\Common.php(1178): CodeIgniter\View\View->render('front/home', [], true)
 5 APPPATH\Controllers\Home.php(25): view('front/home', [...])
 6 SYSTEMPATH\CodeIgniter.php(941): App\Controllers\Home->browse()
 7 SYSTEMPATH\CodeIgniter.php(502): CodeIgniter\CodeIgniter->runController(Object(App\Controllers\Home))
 8 SYSTEMPATH\CodeIgniter.php(361): CodeIgniter\CodeIgniter->handleRequest(null, Object(Config\Cache), false)
 9 FCPATH\index.php(79): CodeIgniter\CodeIgniter->run()
10 SYSTEMPATH\Commands\Server\rewrite.php(47): require_once('D:\\udemy\\udemy-clone\\ci4\\public\\index.php')
CRITICAL - 2024-02-09 13:24:36 --> ErrorException: Undefined array key 0
in APPPATH\Views\front\home.php on line 58.
 1 APPPATH\Views\front\home.php(58): CodeIgniter\Debug\Exceptions->errorHandler(2, 'Undefined array key 0', 'D:\\udemy\\udemy-clone\\ci4\\app\\Views\\front\\home.php', 58)
 2 SYSTEMPATH\View\View.php(228): include('D:\\udemy\\udemy-clone\\ci4\\app\\Views\\front\\home.php')
 3 SYSTEMPATH\View\View.php(231): CodeIgniter\View\View->CodeIgniter\View\{closure}()
 4 SYSTEMPATH\Common.php(1178): CodeIgniter\View\View->render('front/home', [], true)
 5 APPPATH\Controllers\Home.php(25): view('front/home', [...])
 6 SYSTEMPATH\CodeIgniter.php(941): App\Controllers\Home->browse()
 7 SYSTEMPATH\CodeIgniter.php(502): CodeIgniter\CodeIgniter->runController(Object(App\Controllers\Home))
 8 SYSTEMPATH\CodeIgniter.php(361): CodeIgniter\CodeIgniter->handleRequest(null, Object(Config\Cache), false)
 9 FCPATH\index.php(79): CodeIgniter\CodeIgniter->run()
10 SYSTEMPATH\Commands\Server\rewrite.php(47): require_once('D:\\udemy\\udemy-clone\\ci4\\public\\index.php')
CRITICAL - 2024-02-09 13:34:12 --> ErrorException: Undefined array key "id"
in APPPATH\Controllers\Home.php on line 24.
 1 APPPATH\Controllers\Home.php(24): CodeIgniter\Debug\Exceptions->errorHandler(2, 'Undefined array key "id"', 'D:\\udemy\\udemy-clone\\ci4\\app\\Controllers\\Home.php', 24)
 2 SYSTEMPATH\CodeIgniter.php(941): App\Controllers\Home->browse()
 3 SYSTEMPATH\CodeIgniter.php(502): CodeIgniter\CodeIgniter->runController(Object(App\Controllers\Home))
 4 SYSTEMPATH\CodeIgniter.php(361): CodeIgniter\CodeIgniter->handleRequest(null, Object(Config\Cache), false)
 5 FCPATH\index.php(79): CodeIgniter\CodeIgniter->run()
 6 SYSTEMPATH\Commands\Server\rewrite.php(47): require_once('D:\\udemy\\udemy-clone\\ci4\\public\\index.php')
CRITICAL - 2024-02-09 16:08:54 --> ErrorException: Trying to access array offset on value of type null
in APPPATH\Controllers\Home.php on line 53.
 1 APPPATH\Controllers\Home.php(53): CodeIgniter\Debug\Exceptions->errorHandler(2, 'Trying to access array offset on value of type null', 'D:\\udemy\\udemy-clone\\ci4\\app\\Controllers\\Home.php', 53)
 2 SYSTEMPATH\CodeIgniter.php(941): App\Controllers\Home->play('7')
 3 SYSTEMPATH\CodeIgniter.php(502): CodeIgniter\CodeIgniter->runController(Object(App\Controllers\Home))
 4 SYSTEMPATH\CodeIgniter.php(361): CodeIgniter\CodeIgniter->handleRequest(null, Object(Config\Cache), false)
 5 FCPATH\index.php(79): CodeIgniter\CodeIgniter->run()
 6 SYSTEMPATH\Commands\Server\rewrite.php(47): require_once('D:\\udemy\\udemy-clone\\ci4\\public\\index.php')
CRITICAL - 2024-02-09 16:10:15 --> ErrorException: Trying to access array offset on value of type null
in APPPATH\Controllers\Home.php on line 53.
 1 APPPATH\Controllers\Home.php(53): CodeIgniter\Debug\Exceptions->errorHandler(2, 'Trying to access array offset on value of type null', 'D:\\udemy\\udemy-clone\\ci4\\app\\Controllers\\Home.php', 53)
 2 SYSTEMPATH\CodeIgniter.php(941): App\Controllers\Home->play('7')
 3 SYSTEMPATH\CodeIgniter.php(502): CodeIgniter\CodeIgniter->runController(Object(App\Controllers\Home))
 4 SYSTEMPATH\CodeIgniter.php(361): CodeIgniter\CodeIgniter->handleRequest(null, Object(Config\Cache), false)
 5 FCPATH\index.php(79): CodeIgniter\CodeIgniter->run()
 6 SYSTEMPATH\Commands\Server\rewrite.php(47): require_once('D:\\udemy\\udemy-clone\\ci4\\public\\index.php')
CRITICAL - 2024-02-09 16:12:52 --> ErrorException: Trying to access array offset on value of type null
in APPPATH\Controllers\Home.php on line 53.
 1 APPPATH\Controllers\Home.php(53): CodeIgniter\Debug\Exceptions->errorHandler(2, 'Trying to access array offset on value of type null', 'D:\\udemy\\udemy-clone\\ci4\\app\\Controllers\\Home.php', 53)
 2 SYSTEMPATH\CodeIgniter.php(941): App\Controllers\Home->play('7')
 3 SYSTEMPATH\CodeIgniter.php(502): CodeIgniter\CodeIgniter->runController(Object(App\Controllers\Home))
 4 SYSTEMPATH\CodeIgniter.php(361): CodeIgniter\CodeIgniter->handleRequest(null, Object(Config\Cache), false)
 5 FCPATH\index.php(79): CodeIgniter\CodeIgniter->run()
 6 SYSTEMPATH\Commands\Server\rewrite.php(47): require_once('D:\\udemy\\udemy-clone\\ci4\\public\\index.php')
INFO - 2024-02-09 16:17:53 --> Session: Class initialized using 'CodeIgniter\Session\Handlers\FileHandler' driver.
INFO - 2024-02-09 16:18:32 --> Session: Class initialized using 'CodeIgniter\Session\Handlers\FileHandler' driver.
CRITICAL - 2024-02-09 16:22:02 --> ErrorException: Trying to access array offset on value of type null
in APPPATH\Controllers\Home.php on line 53.
 1 APPPATH\Controllers\Home.php(53): CodeIgniter\Debug\Exceptions->errorHandler(2, 'Trying to access array offset on value of type null', 'D:\\udemy\\udemy-clone\\ci4\\app\\Controllers\\Home.php', 53)
 2 SYSTEMPATH\CodeIgniter.php(941): App\Controllers\Home->play('7')
 3 SYSTEMPATH\CodeIgniter.php(502): CodeIgniter\CodeIgniter->runController(Object(App\Controllers\Home))
 4 SYSTEMPATH\CodeIgniter.php(361): CodeIgniter\CodeIgniter->handleRequest(null, Object(Config\Cache), false)
 5 FCPATH\index.php(79): CodeIgniter\CodeIgniter->run()
 6 SYSTEMPATH\Commands\Server\rewrite.php(47): require_once('D:\\udemy\\udemy-clone\\ci4\\public\\index.php')
CRITICAL - 2024-02-09 16:44:22 --> ErrorException: Trying to access array offset on value of type null
in APPPATH\Controllers\Home.php on line 53.
 1 APPPATH\Controllers\Home.php(53): CodeIgniter\Debug\Exceptions->errorHandler(2, 'Trying to access array offset on value of type null', 'D:\\udemy\\udemy-clone\\ci4\\app\\Controllers\\Home.php', 53)
 2 SYSTEMPATH\CodeIgniter.php(941): App\Controllers\Home->play('7')
 3 SYSTEMPATH\CodeIgniter.php(502): CodeIgniter\CodeIgniter->runController(Object(App\Controllers\Home))
 4 SYSTEMPATH\CodeIgniter.php(361): CodeIgniter\CodeIgniter->handleRequest(null, Object(Config\Cache), false)
 5 FCPATH\index.php(79): CodeIgniter\CodeIgniter->run()
 6 SYSTEMPATH\Commands\Server\rewrite.php(47): require_once('D:\\udemy\\udemy-clone\\ci4\\public\\index.php')
CRITICAL - 2024-02-09 16:58:54 --> ArgumentCountError: Too few arguments to function App\Controllers\Home::ajax(), 0 passed in D:\udemy\udemy-clone\ci4\system\CodeIgniter.php on line 941 and exactly 1 expected
in APPPATH\Controllers\Home.php on line 74.
 1 SYSTEMPATH\CodeIgniter.php(941): App\Controllers\Home->ajax()
 2 SYSTEMPATH\CodeIgniter.php(502): CodeIgniter\CodeIgniter->runController(Object(App\Controllers\Home))
 3 SYSTEMPATH\CodeIgniter.php(361): CodeIgniter\CodeIgniter->handleRequest(null, Object(Config\Cache), false)
 4 FCPATH\index.php(79): CodeIgniter\CodeIgniter->run()
 5 SYSTEMPATH\Commands\Server\rewrite.php(47): require_once('D:\\udemy\\udemy-clone\\ci4\\public\\index.php')
CRITICAL - 2024-02-09 16:59:06 --> ArgumentCountError: Too few arguments to function App\Controllers\Home::ajax(), 0 passed in D:\udemy\udemy-clone\ci4\system\CodeIgniter.php on line 941 and exactly 1 expected
in APPPATH\Controllers\Home.php on line 74.
 1 SYSTEMPATH\CodeIgniter.php(941): App\Controllers\Home->ajax()
 2 SYSTEMPATH\CodeIgniter.php(502): CodeIgniter\CodeIgniter->runController(Object(App\Controllers\Home))
 3 SYSTEMPATH\CodeIgniter.php(361): CodeIgniter\CodeIgniter->handleRequest(null, Object(Config\Cache), false)
 4 FCPATH\index.php(79): CodeIgniter\CodeIgniter->run()
 5 SYSTEMPATH\Commands\Server\rewrite.php(47): require_once('D:\\udemy\\udemy-clone\\ci4\\public\\index.php')
CRITICAL - 2024-02-09 17:03:31 --> ErrorException: Undefined variable $status
in APPPATH\Controllers\Home.php on line 53.
 1 APPPATH\Controllers\Home.php(53): CodeIgniter\Debug\Exceptions->errorHandler(2, 'Undefined variable $status', 'D:\\udemy\\udemy-clone\\ci4\\app\\Controllers\\Home.php', 53)
 2 SYSTEMPATH\CodeIgniter.php(941): App\Controllers\Home->play('7')
 3 SYSTEMPATH\CodeIgniter.php(502): CodeIgniter\CodeIgniter->runController(Object(App\Controllers\Home))
 4 SYSTEMPATH\CodeIgniter.php(361): CodeIgniter\CodeIgniter->handleRequest(null, Object(Config\Cache), false)
 5 FCPATH\index.php(79): CodeIgniter\CodeIgniter->run()
 6 SYSTEMPATH\Commands\Server\rewrite.php(47): require_once('D:\\udemy\\udemy-clone\\ci4\\public\\index.php')
CRITICAL - 2024-02-09 17:04:03 --> ErrorException: Trying to access array offset on value of type null
in APPPATH\Controllers\Home.php on line 53.
 1 APPPATH\Controllers\Home.php(53): CodeIgniter\Debug\Exceptions->errorHandler(2, 'Trying to access array offset on value of type null', 'D:\\udemy\\udemy-clone\\ci4\\app\\Controllers\\Home.php', 53)
 2 SYSTEMPATH\CodeIgniter.php(941): App\Controllers\Home->play('7')
 3 SYSTEMPATH\CodeIgniter.php(502): CodeIgniter\CodeIgniter->runController(Object(App\Controllers\Home))
 4 SYSTEMPATH\CodeIgniter.php(361): CodeIgniter\CodeIgniter->handleRequest(null, Object(Config\Cache), false)
 5 FCPATH\index.php(79): CodeIgniter\CodeIgniter->run()
 6 SYSTEMPATH\Commands\Server\rewrite.php(47): require_once('D:\\udemy\\udemy-clone\\ci4\\public\\index.php')
CRITICAL - 2024-02-09 17:04:24 --> ErrorException: Trying to access array offset on value of type null
in APPPATH\Controllers\Home.php on line 53.
 1 APPPATH\Controllers\Home.php(53): CodeIgniter\Debug\Exceptions->errorHandler(2, 'Trying to access array offset on value of type null', 'D:\\udemy\\udemy-clone\\ci4\\app\\Controllers\\Home.php', 53)
 2 SYSTEMPATH\CodeIgniter.php(941): App\Controllers\Home->play('7')
 3 SYSTEMPATH\CodeIgniter.php(502): CodeIgniter\CodeIgniter->runController(Object(App\Controllers\Home))
 4 SYSTEMPATH\CodeIgniter.php(361): CodeIgniter\CodeIgniter->handleRequest(null, Object(Config\Cache), false)
 5 FCPATH\index.php(79): CodeIgniter\CodeIgniter->run()
 6 SYSTEMPATH\Commands\Server\rewrite.php(47): require_once('D:\\udemy\\udemy-clone\\ci4\\public\\index.php')
CRITICAL - 2024-02-09 17:09:39 --> ErrorException: Trying to access array offset on value of type null
in APPPATH\Controllers\Home.php on line 53.
 1 APPPATH\Controllers\Home.php(53): CodeIgniter\Debug\Exceptions->errorHandler(2, 'Trying to access array offset on value of type null', 'D:\\udemy\\udemy-clone\\ci4\\app\\Controllers\\Home.php', 53)
 2 SYSTEMPATH\CodeIgniter.php(941): App\Controllers\Home->play('7')
 3 SYSTEMPATH\CodeIgniter.php(502): CodeIgniter\CodeIgniter->runController(Object(App\Controllers\Home))
 4 SYSTEMPATH\CodeIgniter.php(361): CodeIgniter\CodeIgniter->handleRequest(null, Object(Config\Cache), false)
 5 FCPATH\index.php(79): CodeIgniter\CodeIgniter->run()
 6 SYSTEMPATH\Commands\Server\rewrite.php(47): require_once('D:\\udemy\\udemy-clone\\ci4\\public\\index.php')
CRITICAL - 2024-02-09 17:09:44 --> ErrorException: Undefined array key "course_id"
in APPPATH\Views\front\home.php on line 59.
 1 APPPATH\Views\front\home.php(59): CodeIgniter\Debug\Exceptions->errorHandler(2, 'Undefined array key "course_id"', 'D:\\udemy\\udemy-clone\\ci4\\app\\Views\\front\\home.php', 59)
 2 SYSTEMPATH\View\View.php(228): include('D:\\udemy\\udemy-clone\\ci4\\app\\Views\\front\\home.php')
 3 SYSTEMPATH\View\View.php(231): CodeIgniter\View\View->CodeIgniter\View\{closure}()
 4 SYSTEMPATH\Common.php(1178): CodeIgniter\View\View->render('front/home', [], true)
 5 APPPATH\Controllers\Home.php(26): view('front/home', [...])
 6 SYSTEMPATH\CodeIgniter.php(941): App\Controllers\Home->browse()
 7 SYSTEMPATH\CodeIgniter.php(502): CodeIgniter\CodeIgniter->runController(Object(App\Controllers\Home))
 8 SYSTEMPATH\CodeIgniter.php(361): CodeIgniter\CodeIgniter->handleRequest(null, Object(Config\Cache), false)
 9 FCPATH\index.php(79): CodeIgniter\CodeIgniter->run()
10 SYSTEMPATH\Commands\Server\rewrite.php(47): require_once('D:\\udemy\\udemy-clone\\ci4\\public\\index.php')
